--------------------------------------------------------------------------------
Release 14.7 Trace  (lin64)
Copyright (c) 1995-2013 Xilinx, Inc.  All rights reserved.

/opt/152A/14.7/ISE_DS/ISE/bin/lin64/unwrapped/trce -intstyle ise -v 3 -s 3 -n 3
-fastpaths -xml top.twx top.ncd -o top.twr top.pcf -ucf nexys3.ucf

Design file:              top.ncd
Physical constraint file: top.pcf
Device,package,speed:     xc6slx16,csg324,C,-3 (PRODUCTION 1.23 2013-10-13)
Report level:             verbose report

Environment Variable      Effect 
--------------------      ------ 
NONE                      No environment variables were set
--------------------------------------------------------------------------------

INFO:Timing:3412 - To improve timing, see the Timing Closure User Guide (UG612).
INFO:Timing:2752 - To get complete path coverage, use the unconstrained paths 
   option. All paths that are not constrained will be reported in the 
   unconstrained paths section(s) of the report.
INFO:Timing:3339 - The clock-to-out numbers in this timing report are based on 
   a 50 Ohm transmission line loading model.  For the details of this model, 
   and for more information on accounting for different loading conditions, 
   please see the device datasheet.

================================================================================
Timing constraint: TS_sys_clk_pin = PERIOD TIMEGRP "sys_clk_pin" 100 MHz HIGH 
50%;
For more information, see Period Analysis in the Timing Closure User Guide (UG612).

 1 path analyzed, 1 endpoint analyzed, 0 failing endpoints
 0 timing errors detected. (0 setup errors, 0 hold errors, 0 component switching limit errors)
 Minimum period is   1.730ns.
--------------------------------------------------------------------------------

Paths for end point count_0 (SLICE_X8Y34.A6), 1 path
--------------------------------------------------------------------------------
Slack (setup path):     9.089ns (requirement - (data path - clock path skew + uncertainty))
  Source:               count_0 (FF)
  Destination:          count_0 (FF)
  Requirement:          10.000ns
  Data Path Delay:      0.876ns (Levels of Logic = 1)
  Clock Path Skew:      0.000ns
  Source Clock:         clock_in_BUFGP rising at 0.000ns
  Destination Clock:    clock_in_BUFGP rising at 10.000ns
  Clock Uncertainty:    0.035ns

  Clock Uncertainty:          0.035ns  ((TSJ^2 + TIJ^2)^1/2 + DJ) / 2 + PE
    Total System Jitter (TSJ):  0.070ns
    Total Input Jitter (TIJ):   0.000ns
    Discrete Jitter (DJ):       0.000ns
    Phase Error (PE):           0.000ns

  Maximum Data Path at Slow Process Corner: count_0 to count_0
    Location             Delay type         Delay(ns)  Physical Resource
                                                       Logical Resource(s)
    -------------------------------------------------  -------------------
    SLICE_X8Y34.AQ       Tcko                  0.408   count<0>
                                                       count_0
    SLICE_X8Y34.A6       net (fanout=2)        0.127   count<0>
    SLICE_X8Y34.CLK      Tas                   0.341   count<0>
                                                       Mcount_count_xor<0>11_INV_0
                                                       count_0
    -------------------------------------------------  ---------------------------
    Total                                      0.876ns (0.749ns logic, 0.127ns route)
                                                       (85.5% logic, 14.5% route)

--------------------------------------------------------------------------------

Hold Paths: TS_sys_clk_pin = PERIOD TIMEGRP "sys_clk_pin" 100 MHz HIGH 50%;
--------------------------------------------------------------------------------

Paths for end point count_0 (SLICE_X8Y34.A6), 1 path
--------------------------------------------------------------------------------
Slack (hold path):      0.415ns (requirement - (clock path skew + uncertainty - data path))
  Source:               count_0 (FF)
  Destination:          count_0 (FF)
  Requirement:          0.000ns
  Data Path Delay:      0.415ns (Levels of Logic = 1)
  Clock Path Skew:      0.000ns
  Source Clock:         clock_in_BUFGP rising at 10.000ns
  Destination Clock:    clock_in_BUFGP rising at 10.000ns
  Clock Uncertainty:    0.000ns

  Minimum Data Path at Fast Process Corner: count_0 to count_0
    Location             Delay type         Delay(ns)  Physical Resource
                                                       Logical Resource(s)
    -------------------------------------------------  -------------------
    SLICE_X8Y34.AQ       Tcko                  0.200   count<0>
                                                       count_0
    SLICE_X8Y34.A6       net (fanout=2)        0.025   count<0>
    SLICE_X8Y34.CLK      Tah         (-Th)    -0.190   count<0>
                                                       Mcount_count_xor<0>11_INV_0
                                                       count_0
    -------------------------------------------------  ---------------------------
    Total                                      0.415ns (0.390ns logic, 0.025ns route)
                                                       (94.0% logic, 6.0% route)

--------------------------------------------------------------------------------

Component Switching Limit Checks: TS_sys_clk_pin = PERIOD TIMEGRP "sys_clk_pin" 100 MHz HIGH 50%;
--------------------------------------------------------------------------------
Slack: 8.270ns (period - min period limit)
  Period: 10.000ns
  Min period limit: 1.730ns (578.035MHz) (Tbcper_I)
  Physical resource: clock_in_BUFGP/BUFG/I0
  Logical resource: clock_in_BUFGP/BUFG/I0
  Location pin: BUFGMUX_X3Y13.I0
  Clock network: clock_in_BUFGP/IBUFG
--------------------------------------------------------------------------------
Slack: 9.570ns (period - min period limit)
  Period: 10.000ns
  Min period limit: 0.430ns (2325.581MHz) (Tcp)
  Physical resource: count<0>/CLK
  Logical resource: count_0/CK
  Location pin: SLICE_X8Y34.CLK
  Clock network: clock_in_BUFGP
--------------------------------------------------------------------------------


All constraints were met.


Data Sheet report:
-----------------
All values displayed in nanoseconds (ns)

Clock to Setup on destination clock clock_in
---------------+---------+---------+---------+---------+
               | Src:Rise| Src:Fall| Src:Rise| Src:Fall|
Source Clock   |Dest:Rise|Dest:Rise|Dest:Fall|Dest:Fall|
---------------+---------+---------+---------+---------+
clock_in       |    0.911|         |         |         |
---------------+---------+---------+---------+---------+


Timing summary:
---------------

Timing errors: 0  Score: 0  (Setup/Max: 0, Hold: 0)

Constraints cover 1 paths, 0 nets, and 3 connections

Design statistics:
   Minimum period:   1.730ns{1}   (Maximum frequency: 578.035MHz)


------------------------------------Footnotes-----------------------------------
1)  The minimum period statistic assumes all single cycle delays.

Analysis completed Fri Mar  1 13:13:50 2019 
--------------------------------------------------------------------------------

Trace Settings:
-------------------------
Trace Settings 

Peak Memory Usage: 442 MB



